<?xml version="1.0" encoding="UTF-8"?>
<!-- Generated by org.testng.reporters.JUnitXMLReporter -->
<testsuite hostname="inrdivya.local" name="combined test 1" tests="8" failures="0" timestamp="6 Sep 2016 07:09:18 GMT" time="41.974" errors="0">
  <testcase name="verifyValidLogin" time="17.94" classname="learning_selenium_testcases.VerifyAmazonLogin"/>
  <testcase name="VerifyHomeSearch" time="5.151" classname="learning_selenium_testcases.HomeSearchTest"/>
  <testcase name="VerifySearchPage" time="0.001" classname="learning_selenium_testcases.HomeSearchTest"/>
  <testcase name="selectionoftitle" time="3.48" classname="learning_selenium_testcases.selectionPage"/>
  <testcase name="switchWindow" time="0.333" classname="learning_selenium_testcases.selectionPage"/>
  <testcase name="AddItemtoCart" time="5.669" classname="learning_selenium_testcases.AddtoCart"/>
  <testcase name="Checkout" time="2.004" classname="learning_selenium_testcases.ProceedtoCheckout"/>
  <testcase name="AddShippingAddress" time="5.927" classname="learning_selenium_testcases.ShippingAddress"/>
</testsuite> <!-- combined test 1 -->
